<?xml version="1.0" encoding="UTF-8"?>
<!-- Generated by org.testng.reporters.JUnitReportReporter -->
<testsuite hostname="DESKTOP-EG5QUVK" failures="0" tests="3" name="tests.TestNgExamTest" time="73.774" errors="0" timestamp="2023-02-21T07:46:24 CST" skipped="0">
  <testcase classname="tests.TestNgExamTest" name="verifyAllMonthsExistOnTheDropListTest" time="18.623"/>
  <system-out/>
  <testcase classname="tests.TestNgExamTest" name="noDuplicateCategoryTest" time="18.594"/>
  <system-out/>
  <testcase classname="tests.TestNgExamTest" name="addCategoryTest" time="36.557"/>
  <system-out/>
</testsuite> <!-- tests.TestNgExamTest -->
